<?xml version="1.0" encoding="UTF-8"?>
<!-- Generated by org.testng.reporters.JUnitReportReporter -->
<testsuite hostname="DESKTOP-73JCDLH" failures="0" tests="1" name="com.Framework.TestVagrant.Test_Case_01" time="4.823" errors="0" timestamp="2021-09-06T00:04:31 IST" skipped="0">
  <testcase classname="com.Framework.TestVagrant.Test_Case_01" name="TC01" time="4.823"/>
  <system-out/>
</testsuite> <!-- com.Framework.TestVagrant.Test_Case_01 -->
